<?xml version="1.0" encoding="UTF-8"?>
<!-- Generated by org.testng.reporters.JUnitReportReporter -->
<testsuite hostname="DESKTOP-0HMIBGJ" failures="0" tests="1" name="testCases.RegistrationTestCase" time="18.463" errors="0" timestamp="2024-03-05T10:17:11 IST" skipped="0">
  <testcase classname="testCases.RegistrationTestCase" name="register" time="18.463"/>
</testsuite> <!-- testCases.RegistrationTestCase -->
