<?xml version="1.0" encoding="UTF-8"?>
<!-- Generated by org.testng.reporters.JUnitReportReporter -->
<testsuite hostname="DESKTOP-0HMIBGJ" failures="0" tests="1" name="testCases.LoginTestcase" time="8.986" errors="0" timestamp="2024-03-01T14:52:04 IST" skipped="0">
  <testcase classname="testCases.LoginTestcase" name="logIn" time="8.986"/>
</testsuite> <!-- testCases.LoginTestcase -->
