<?xml version="1.0" encoding="UTF-8"?>
<!-- Generated by org.testng.reporters.JUnitReportReporter -->
<testsuite hostname="DESKTOP-0HMIBGJ" failures="0" tests="1" name="testCases.LoginTestCase" time="11.109" errors="0" timestamp="2024-03-05T10:17:56 IST" skipped="0">
  <testcase classname="testCases.LoginTestCase" name="login" time="11.109"/>
</testsuite> <!-- testCases.LoginTestCase -->
